# JRE version: OpenJDK Runtime Environment (8.0_302-b08) (build 1.8.0_302-b08)
# Java VM: OpenJDK 64-Bit Server VM (25.302-b08 mixed mode windows-amd64 compressed oops)
Heap:
 PSYoungGen      total 22016K, used 14625K [0x00000000ed980000, 0x00000000ef600000, 0x0000000100000000)
  eden space 18944K, 61% used [0x00000000ed980000,0x00000000ee4efed8,0x00000000eec00000)
  from space 3072K, 94% used [0x00000000ef000000,0x00000000ef2d8828,0x00000000ef300000)
  to   space 2560K, 0% used [0x00000000ef380000,0x00000000ef380000,0x00000000ef600000)
 ParOldGen       total 13824K, used 13345K [0x00000000c8c00000, 0x00000000c9980000, 0x00000000ed980000)
  object space 13824K, 96% used [0x00000000c8c00000,0x00000000c99085f8,0x00000000c9980000)
 Metaspace       used 7885K, capacity 8628K, committed 8960K, reserved 1056768K
  class space    used 903K, capacity 944K, committed 1024K, reserved 1048576K
GC Heap History (10 events):
Event: 0.991 GC heap before
{Heap before GC invocations=7 (full 0):
 PSYoungGen      total 13824K, used 12164K [0x00000000ed980000, 0x00000000eea80000, 0x0000000100000000)
  eden space 11776K, 87% used [0x00000000ed980000,0x00000000ee3936d0,0x00000000ee500000)
  from space 2048K, 90% used [0x00000000ee780000,0x00000000ee94dcd0,0x00000000ee980000)
  to   space 2560K, 0% used [0x00000000ee500000,0x00000000ee500000,0x00000000ee780000)
 ParOldGen       total 5632K, used 2613K [0x00000000c8c00000, 0x00000000c9180000, 0x00000000ed980000)
  object space 5632K, 46% used [0x00000000c8c00000,0x00000000c8e8d478,0x00000000c9180000)
 Metaspace       used 7419K, capacity 8212K, committed 8448K, reserved 1056768K
  class space    used 882K, capacity 912K, committed 1024K, reserved 1048576K
Event: 0.996 GC heap after
Heap after GC invocations=7 (full 0):
 PSYoungGen      total 14336K, used 2415K [0x00000000ed980000, 0x00000000ef680000, 0x0000000100000000)
  eden space 11776K, 0% used [0x00000000ed980000,0x00000000ed980000,0x00000000ee500000)
  from space 2560K, 94% used [0x00000000ee500000,0x00000000ee75bfa0,0x00000000ee780000)
  to   space 3072K, 0% used [0x00000000ef380000,0x00000000ef380000,0x00000000ef680000)
 ParOldGen       total 7168K, used 6217K [0x00000000c8c00000, 0x00000000c9300000, 0x00000000ed980000)
  object space 7168K, 86% used [0x00000000c8c00000,0x00000000c9212618,0x00000000c9300000)
 Metaspace       used 7419K, capacity 8212K, committed 8448K, reserved 1056768K
  class space    used 882K, capacity 912K, committed 1024K, reserved 1048576K
}
Event: 0.996 GC heap before
{Heap before GC invocations=8 (full 1):
 PSYoungGen      total 14336K, used 2415K [0x00000000ed980000, 0x00000000ef680000, 0x0000000100000000)
  eden space 11776K, 0% used [0x00000000ed980000,0x00000000ed980000,0x00000000ee500000)
  from space 2560K, 94% used [0x00000000ee500000,0x00000000ee75bfa0,0x00000000ee780000)
  to   space 3072K, 0% used [0x00000000ef380000,0x00000000ef380000,0x00000000ef680000)
 ParOldGen       total 7168K, used 6217K [0x00000000c8c00000, 0x00000000c9300000, 0x00000000ed980000)
  object space 7168K, 86% used [0x00000000c8c00000,0x00000000c9212618,0x00000000c9300000)
 Metaspace       used 7419K, capacity 8212K, committed 8448K, reserved 1056768K
  class space    used 882K, capacity 912K, committed 1024K, reserved 1048576K
Event: 1.014 GC heap after
Heap after GC invocations=8 (full 1):
 PSYoungGen      total 14336K, used 622K [0x00000000ed980000, 0x00000000ef680000, 0x0000000100000000)
  eden space 11776K, 0% used [0x00000000ed980000,0x00000000ed980000,0x00000000ee500000)
  from space 2560K, 24% used [0x00000000ee500000,0x00000000ee59b968,0x00000000ee780000)
  to   space 3072K, 0% used [0x00000000ef380000,0x00000000ef380000,0x00000000ef680000)
 ParOldGen       total 12800K, used 7059K [0x00000000c8c00000, 0x00000000c9880000, 0x00000000ed980000)
  object space 12800K, 55% used [0x00000000c8c00000,0x00000000c92e4e60,0x00000000c9880000)
 Metaspace       used 7419K, capacity 8212K, committed 8448K, reserved 1056768K
  class space    used 882K, capacity 912K, committed 1024K, reserved 1048576K
}
Event: 1.105 GC heap before
{Heap before GC invocations=9 (full 1):
 PSYoungGen      total 14336K, used 12398K [0x00000000ed980000, 0x00000000ef680000, 0x0000000100000000)
  eden space 11776K, 100% used [0x00000000ed980000,0x00000000ee500000,0x00000000ee500000)
  from space 2560K, 24% used [0x00000000ee500000,0x00000000ee59b968,0x00000000ee780000)
  to   space 3072K, 0% used [0x00000000ef380000,0x00000000ef380000,0x00000000ef680000)
 ParOldGen       total 12800K, used 7059K [0x00000000c8c00000, 0x00000000c9880000, 0x00000000ed980000)
  object space 12800K, 55% used [0x00000000c8c00000,0x00000000c92e4e60,0x00000000c9880000)
 Metaspace       used 7443K, capacity 8276K, committed 8448K, reserved 1056768K
  class space    used 882K, capacity 912K, committed 1024K, reserved 1048576K
Event: 1.108 GC heap after
Heap after GC invocations=9 (full 1):
 PSYoungGen      total 21504K, used 2146K [0x00000000ed980000, 0x00000000ef600000, 0x0000000100000000)
  eden space 18944K, 0% used [0x00000000ed980000,0x00000000ed980000,0x00000000eec00000)
  from space 2560K, 83% used [0x00000000ef380000,0x00000000ef598890,0x00000000ef600000)
  to   space 3072K, 0% used [0x00000000ef000000,0x00000000ef000000,0x00000000ef300000)
 ParOldGen       total 12800K, used 7059K [0x00000000c8c00000, 0x00000000c9880000, 0x00000000ed980000)
  object space 12800K, 55% used [0x00000000c8c00000,0x00000000c92e4e60,0x00000000c9880000)
 Metaspace       used 7443K, capacity 8276K, committed 8448K, reserved 1056768K
  class space    used 882K, capacity 912K, committed 1024K, reserved 1048576K
}
Event: 1.890 GC heap before
{Heap before GC invocations=10 (full 1):
 PSYoungGen      total 21504K, used 21090K [0x00000000ed980000, 0x00000000ef600000, 0x0000000100000000)
  eden space 18944K, 100% used [0x00000000ed980000,0x00000000eec00000,0x00000000eec00000)
  from space 2560K, 83% used [0x00000000ef380000,0x00000000ef598890,0x00000000ef600000)
  to   space 3072K, 0% used [0x00000000ef000000,0x00000000ef000000,0x00000000ef300000)
 ParOldGen       total 12800K, used 7059K [0x00000000c8c00000, 0x00000000c9880000, 0x00000000ed980000)
  object space 12800K, 55% used [0x00000000c8c00000,0x00000000c92e4e60,0x00000000c9880000)
 Metaspace       used 7631K, capacity 8436K, committed 8704K, reserved 1056768K
  class space    used 889K, capacity 944K, committed 1024K, reserved 1048576K
Event: 1.906 GC heap after
Heap after GC invocations=10 (full 1):
 PSYoungGen      total 22016K, used 3049K [0x00000000ed980000, 0x00000000ef600000, 0x0000000100000000)
  eden space 18944K, 0% used [0x00000000ed980000,0x00000000ed980000,0x00000000eec00000)
  from space 3072K, 99% used [0x00000000ef000000,0x00000000ef2fa558,0x00000000ef300000)
  to   space 2560K, 0% used [0x00000000ef380000,0x00000000ef380000,0x00000000ef600000)
 ParOldGen       total 13824K, used 13398K [0x00000000c8c00000, 0x00000000c9980000, 0x00000000ed980000)
  object space 13824K, 96% used [0x00000000c8c00000,0x00000000c9915a38,0x00000000c9980000)
 Metaspace       used 7631K, capacity 8436K, committed 8704K, reserved 1056768K
  class space    used 889K, capacity 944K, committed 1024K, reserved 1048576K
}
Event: 1.906 GC heap before
{Heap before GC invocations=11 (full 2):
 PSYoungGen      total 22016K, used 3049K [0x00000000ed980000, 0x00000000ef600000, 0x0000000100000000)
  eden space 18944K, 0% used [0x00000000ed980000,0x00000000ed980000,0x00000000eec00000)
  from space 3072K, 99% used [0x00000000ef000000,0x00000000ef2fa558,0x00000000ef300000)
  to   space 2560K, 0% used [0x00000000ef380000,0x00000000ef380000,0x00000000ef600000)
 ParOldGen       total 13824K, used 13398K [0x00000000c8c00000, 0x00000000c9980000, 0x00000000ed980000)
  object space 13824K, 96% used [0x00000000c8c00000,0x00000000c9915a38,0x00000000c9980000)
 Metaspace       used 7631K, capacity 8436K, committed 8704K, reserved 1056768K
  class space    used 889K, capacity 944K, committed 1024K, reserved 1048576K
Event: 1.951 GC heap after
Heap after GC invocations=11 (full 2):
 PSYoungGen      total 22016K, used 2914K [0x00000000ed980000, 0x00000000ef600000, 0x0000000100000000)
  eden space 18944K, 0% used [0x00000000ed980000,0x00000000ed980000,0x00000000eec00000)
  from space 3072K, 94% used [0x00000000ef000000,0x00000000ef2d8828,0x00000000ef300000)
  to   space 2560K, 0% used [0x00000000ef380000,0x00000000ef380000,0x00000000ef600000)
 ParOldGen       total 13824K, used 13345K [0x00000000c8c00000, 0x00000000c9980000, 0x00000000ed980000)
  object space 13824K, 96% used [0x00000000c8c00000,0x00000000c99085f8,0x00000000c9980000)
 Metaspace       used 7631K, capacity 8436K, committed 8704K, reserved 1056768K
  class space    used 889K, capacity 944K, committed 1024K, reserved 1048576K
}

